[2022-03-30 20:29:11,455] INFO - <Running module: Preprocess Data>
[2022-03-30 20:29:12,555] INFO - Converting block coords to infercars format
[2022-03-30 20:29:15,919] INFO - <Module finished: Preprocess Data>, elapsed 4.463453769683838 seconds
[2022-03-30 20:29:15,919] INFO - <Running module: Parsers and check strains>
[2022-03-30 20:29:19,171] INFO - Blocks count: 2313
[2022-03-30 20:29:19,171] INFO - Unique one-copy blocks count: 1356
[2022-03-30 20:29:19,198] INFO - Mean block coverage: 82.06079457917632 %
[2022-03-30 20:29:19,218] INFO - Mean common one-copy blocks coverage: 70.7731342756072 %
[2022-03-30 20:29:19,237] INFO - Mean 80 % rate one-copy blocks coverage: 76.41601345524069 %
[2022-03-30 20:29:19,346] INFO - Strains in blocks file count: 81
[2022-03-30 20:29:19,347] INFO - Strains in tree leafs count: 112
[2022-03-30 20:29:19,347] INFO - Intersected strains count: 81
[2022-03-30 20:29:19,347] WARNING - PRUNING TREE
[2022-03-30 20:29:19,347] WARNING - Those strains are thrown away from tree because there were not found in blocks data: BUMA.1121.00010, BUMA.1121.00036, BUMA.1121.00028, BUMA.1121.00085, BUMA.1121.00081, BUMA.1121.00013, BUMA.1121.00032, BUMA.1121.00044, BUMA.1121.00004, BUMA.1121.00086, BUMA.1121.00038, BUMA.1121.00022, BUMA.1121.00048, BUMA.1121.00054, BUMA.1121.00002, BUMA.1121.00040, BUMA.1121.00015, BUMA.1121.00020, BUMA.1121.00008, BUMA.1121.00046, BUMA.1121.00050, BUMA.1121.00019, BUMA.1121.00006, BUMA.1121.00052, BUMA.1121.00042, BUMA.1121.00030, BUMA.1121.00026, BUMA.1121.00087, BUMA.1121.00017, BUMA.1121.00034, BUMA.1121.00024
[2022-03-30 20:29:19,352] INFO - <Module finished: Parsers and check strains>, elapsed 3.4330830574035645 seconds
[2022-03-30 20:29:19,352] INFO - <Running module: Balanced rearrangements characters>
[2022-03-30 20:29:24,921] INFO - Breakpoint graph parsed
[2022-03-30 20:29:24,929] INFO - Edges in breakpoint graph: 1532
[2022-03-30 20:29:24,932] INFO - Getting characters from breakpoint graph component, size=4
[2022-03-30 20:29:24,940] INFO - Getting characters from breakpoint graph component, size=8
[2022-03-30 20:29:24,969] INFO - Getting characters from breakpoint graph component, size=4
[2022-03-30 20:29:24,983] INFO - Getting characters from breakpoint graph component, size=4
[2022-03-30 20:29:24,991] INFO - Getting characters from breakpoint graph component, size=4
[2022-03-30 20:29:24,999] INFO - Getting characters from breakpoint graph component, size=4
[2022-03-30 20:29:25,005] INFO - Getting characters from breakpoint graph component, size=4
[2022-03-30 20:29:25,008] INFO - Getting characters from breakpoint graph component, size=4
[2022-03-30 20:29:25,013] INFO - Getting characters from breakpoint graph component, size=6
[2022-03-30 20:29:25,028] INFO - Getting characters from breakpoint graph component, size=6
[2022-03-30 20:29:25,042] INFO - Getting characters from breakpoint graph component, size=6
[2022-03-30 20:29:25,051] INFO - Getting characters from breakpoint graph component, size=4
[2022-03-30 20:29:25,053] INFO - Getting characters from breakpoint graph component, size=6
[2022-03-30 20:29:25,056] INFO - Getting characters from breakpoint graph component, size=4
[2022-03-30 20:29:25,058] INFO - Getting characters from breakpoint graph component, size=4
[2022-03-30 20:29:25,067] INFO - Getting characters from breakpoint graph component, size=4
[2022-03-30 20:29:25,072] INFO - Getting characters from breakpoint graph component, size=4
[2022-03-30 20:29:25,074] INFO - Getting characters from breakpoint graph component, size=4
[2022-03-30 20:29:25,076] INFO - Getting characters from breakpoint graph component, size=4
[2022-03-30 20:29:25,083] INFO - Getting characters from breakpoint graph component, size=4
[2022-03-30 20:29:25,095] INFO - Getting characters from breakpoint graph component, size=4
[2022-03-30 20:29:25,103] INFO - Getting characters from breakpoint graph component, size=6
[2022-03-30 20:29:25,117] INFO - Getting characters from breakpoint graph component, size=4
[2022-03-30 20:29:25,123] INFO - Getting characters from breakpoint graph component, size=6
[2022-03-30 20:29:25,126] INFO - Getting characters from breakpoint graph component, size=4
[2022-03-30 20:29:25,129] INFO - Getting characters from breakpoint graph component, size=4
[2022-03-30 20:29:25,133] INFO - Getting characters from breakpoint graph component, size=4
[2022-03-30 20:29:25,136] INFO - Getting characters from breakpoint graph component, size=4
[2022-03-30 20:29:25,138] INFO - Getting characters from breakpoint graph component, size=4
[2022-03-30 20:29:25,143] INFO - Getting characters from breakpoint graph component, size=6
[2022-03-30 20:29:25,146] INFO - Getting characters from breakpoint graph component, size=4
[2022-03-30 20:29:25,149] INFO - Getting characters from breakpoint graph component, size=4
[2022-03-30 20:29:25,158] INFO - Getting characters from breakpoint graph component, size=4
[2022-03-30 20:29:25,162] INFO - Getting characters from breakpoint graph component, size=4
[2022-03-30 20:29:25,167] INFO - <Module finished: Balanced rearrangements characters>, elapsed 5.815141916275024 seconds
[2022-03-30 20:29:25,167] INFO - <Running module: Balanced rearrangements stats>
[2022-03-30 20:29:25,167] INFO - Counting distances between unique one-copy blocks, may take a while
[2022-03-30 20:31:37,219] INFO - Got characters after breakpoint graph consideration: 77
[2022-03-30 20:31:37,219] INFO - Percentage of consistent rearrangements (balanced): 90.9090909090909 %
[2022-03-30 20:31:38,016] INFO - <Module finished: Balanced rearrangements stats>, elapsed 132.84917616844177 seconds
[2022-03-30 20:31:38,017] INFO - <Running module: Balanced rearrangements output>
[2022-03-30 20:31:44,798] INFO - <Module finished: Balanced rearrangements output>, elapsed 6.780867099761963 seconds
[2022-03-30 20:31:44,798] INFO - <Running module: Unbalanced rearrangements characters>
[2022-03-30 20:31:44,818] INFO - <Module finished: Unbalanced rearrangements characters>, elapsed 0.020188093185424805 seconds
[2022-03-30 20:31:44,818] INFO - <Running module: Unbalanced rearrangements stats and clustering>
[2022-03-30 20:31:45,502] INFO - Got characters after copy number variation consideration: 2313
[2022-03-30 20:31:45,504] INFO - Percentage of consistent rearrangements (unbalanced): 71.54569182238875 %
[2022-03-30 20:31:45,504] INFO - Counting distances between non-convex character blocks, may take a while
[2022-03-30 20:34:49,404] INFO - Jaccard index matrix constructed
[2022-03-30 20:35:47,153] INFO - Proximity matrix constructed
[2022-03-30 20:35:47,289] INFO - Clustring is done
[2022-03-30 20:35:47,291] INFO - Clusters: 196
[2022-03-30 20:35:48,904] INFO - <Module finished: Unbalanced rearrangements stats and clustering>, elapsed 244.08596396446228 seconds
[2022-03-30 20:35:48,904] INFO - <Running module: Unbalanced rearrangements output>
[2022-03-30 20:36:37,140] INFO - <Module finished: Unbalanced rearrangements output>, elapsed 48.23601007461548 seconds
[2022-03-30 20:36:37,140] INFO - <Running module: Which chromosome characters>
[2022-03-30 20:36:45,579] INFO - <Module finished: Which chromosome characters>, elapsed 8.439050912857056 seconds
[2022-03-30 20:36:45,579] INFO - <Running module: Which chromosome stats and clustering>
[2022-03-30 20:36:46,197] INFO - Got characters after which chromosome consideration: 2313
[2022-03-30 20:36:46,199] INFO - Percentage of consistent rearrangements (unbalanced): 72.8923476005188 %
[2022-03-30 20:36:46,199] INFO - <Module finished: Which chromosome stats and clustering>, elapsed 0.6193292140960693 seconds
[2022-03-30 20:36:46,199] INFO - <Running module: Which chromosome output>
[2022-03-30 20:40:08,062] INFO - <Module finished: Which chromosome output>, elapsed 201.8627860546112 seconds
[2022-03-30 20:40:08,062] INFO - <Running module: Visualize neighbours output>
[2022-03-30 20:41:35,625] INFO - <Module finished: Visualize neighbours output>, elapsed 87.56309676170349 seconds
[2022-03-30 20:41:35,625] INFO - Total elapsed time: 744.6253249645233 seconds
