Constructing the graph...
Threads = 16
Vertex length = 15
Hash functions = 5
Filter size = 17179869184
Capacity = 1
Files: 
for_sibeliaz_2_contigs.fna
--------------------------------------------------------------------------------
Round 0, 0:17179869184
Pass	Filling	Filtering
1	48	87	
2	31	1
True junctions count = 1901891
False junctions count = 65
Hash table size = 1901956
Candidate marks count = 321095132
--------------------------------------------------------------------------------
Reallocating bifurcations time: 1
True marks count: 321091258
Edges construction time: 77
--------------------------------------------------------------------------------
Distinct junctions = 1901891

TwoPaco: 245.78 seconds elapsed, 2995092 KB memory used
Loading the graph...
Analyzing the graph...
[....................................................]
Generating the output...
Blocks found: 33251
Coverage: 0.98
SibeliaZ-LCB: 6073.96 seconds elapsed, 15363660 KB memory used
