[2022-03-30 17:20:00,662] INFO - <Running module: Preprocess Data>
[2022-03-30 17:20:00,675] INFO - Converting block coords to infercars format
[2022-03-30 17:20:00,908] INFO - <Module finished: Preprocess Data>, elapsed 0.24669909477233887 seconds
[2022-03-30 17:20:00,908] INFO - <Running module: Parsers and check strains>
[2022-03-30 17:20:01,042] INFO - Blocks count: 222
[2022-03-30 17:20:01,042] INFO - Unique one-copy blocks count: 134
[2022-03-30 17:20:01,046] INFO - Mean block coverage: 90.7552010360295 %
[2022-03-30 17:20:01,048] INFO - Mean common one-copy blocks coverage: 63.10003588226506 %
[2022-03-30 17:20:01,051] INFO - Mean 80 % rate one-copy blocks coverage: 78.75182540559486 %
[2022-03-30 17:20:01,065] INFO - Strains in blocks file count: 31
[2022-03-30 17:20:01,065] INFO - Strains in tree leafs count: 112
[2022-03-30 17:20:01,066] INFO - Intersected strains count: 31
[2022-03-30 17:20:01,066] WARNING - PRUNING TREE
[2022-03-30 17:20:01,066] WARNING - Those strains are thrown away from tree because there were not found in blocks data: BUMA.1121.00111, BUMA.1121.00108, BUMA.1121.00025, BUMA.1121.00071, BUMA.1121.00109, BUMA.1121.00089, BUMA.1121.00012, BUMA.1121.00007, BUMA.1121.00043, BUMA.1121.00092, BUMA.1121.00064, BUMA.1121.00104, BUMA.1121.00077, BUMA.1121.00003, BUMA.1121.00011, BUMA.1121.00047, BUMA.1121.00066, BUMA.1121.00065, BUMA.1121.00083, BUMA.1121.00031, BUMA.1121.00059, BUMA.1121.00079, BUMA.1121.00076, BUMA.1121.00082, BUMA.1121.00096, BUMA.1121.00090, BUMA.1121.00098, BUMA.1121.00078, BUMA.1121.00018, BUMA.1121.00021, BUMA.1121.00029, BUMA.1121.00053, BUMA.1121.00005, BUMA.1121.00051, BUMA.1121.00014, BUMA.1121.00105, BUMA.1121.00070, BUMA.1121.00100, BUMA.1121.00093, BUMA.1121.00107, BUMA.1121.00058, BUMA.1121.00091, BUMA.1121.00061, BUMA.1121.00095, BUMA.1121.00103, BUMA.1121.00001, BUMA.1121.00110, BUMA.1121.00069, BUMA.1121.00062, BUMA.1121.00068, BUMA.1121.00037, BUMA.1121.00074, BUMA.1121.00072, BUMA.1121.00073, BUMA.1121.00099, BUMA.1121.00080, BUMA.1121.00088, BUMA.1121.00055, BUMA.1121.00009, BUMA.1121.00049, BUMA.1121.00039, BUMA.1121.00027, BUMA.1121.00063, BUMA.1121.00057, BUMA.1121.00097, BUMA.1121.00060, BUMA.1121.00094, BUMA.1121.00075, BUMA.1121.00112, BUMA.1121.00023, BUMA.1121.00045, BUMA.1121.00101, BUMA.1121.00106, BUMA.1121.00102, BUMA.1121.00067, BUMA.1121.00035, BUMA.1121.00084, BUMA.1121.00033, BUMA.1121.00041, BUMA.1121.00056, BUMA.1121.00016
[2022-03-30 17:20:01,068] INFO - <Module finished: Parsers and check strains>, elapsed 0.1592729091644287 seconds
[2022-03-30 17:20:01,068] INFO - <Running module: Balanced rearrangements characters>
[2022-03-30 17:20:01,277] INFO - Breakpoint graph parsed
[2022-03-30 17:20:01,279] INFO - Edges in breakpoint graph: 412
[2022-03-30 17:20:01,290] INFO - Getting characters from breakpoint graph component, size=92
[2022-03-30 17:20:01,462] INFO - Getting characters from breakpoint graph component, size=28
[2022-03-30 17:20:01,496] INFO - Getting characters from breakpoint graph component, size=6
[2022-03-30 17:20:01,501] INFO - Getting characters from breakpoint graph component, size=8
[2022-03-30 17:20:01,508] INFO - Getting characters from breakpoint graph component, size=10
[2022-03-30 17:20:01,521] INFO - Getting characters from breakpoint graph component, size=44
[2022-03-30 17:20:01,581] INFO - Getting characters from breakpoint graph component, size=4
[2022-03-30 17:20:01,584] INFO - <Module finished: Balanced rearrangements characters>, elapsed 0.515653133392334 seconds
[2022-03-30 17:20:01,584] INFO - <Running module: Balanced rearrangements stats>
[2022-03-30 17:20:01,584] INFO - Counting distances between unique one-copy blocks, may take a while
[2022-03-30 17:20:02,342] INFO - Got characters after breakpoint graph consideration: 84
[2022-03-30 17:20:02,342] INFO - Percentage of consistent rearrangements (balanced): 48.80952380952381 %
[2022-03-30 17:20:02,346] INFO - <Module finished: Balanced rearrangements stats>, elapsed 0.7627420425415039 seconds
[2022-03-30 17:20:02,347] INFO - <Running module: Balanced rearrangements output>
[2022-03-30 17:20:07,445] INFO - <Module finished: Balanced rearrangements output>, elapsed 5.098950147628784 seconds
[2022-03-30 17:20:07,446] INFO - <Running module: Unbalanced rearrangements characters>
[2022-03-30 17:20:07,446] INFO - <Module finished: Unbalanced rearrangements characters>, elapsed 0.0007159709930419922 seconds
[2022-03-30 17:20:07,446] INFO - <Running module: Unbalanced rearrangements stats and clustering>
[2022-03-30 17:20:07,470] INFO - Got characters after copy number variation consideration: 222
[2022-03-30 17:20:07,471] INFO - Percentage of consistent rearrangements (unbalanced): 94.08602150537635 %
[2022-03-30 17:20:07,471] INFO - Counting distances between non-convex character blocks, may take a while
[2022-03-30 17:20:08,636] INFO - Jaccard index matrix constructed
[2022-03-30 17:20:09,037] INFO - Proximity matrix constructed
[2022-03-30 17:20:09,042] INFO - Clustring is done
[2022-03-30 17:20:09,042] INFO - Clusters: 52
[2022-03-30 17:20:09,049] INFO - <Module finished: Unbalanced rearrangements stats and clustering>, elapsed 1.6023647785186768 seconds
[2022-03-30 17:20:09,049] INFO - <Running module: Unbalanced rearrangements output>
[2022-03-30 17:20:13,012] INFO - <Module finished: Unbalanced rearrangements output>, elapsed 3.962794065475464 seconds
[2022-03-30 17:20:13,012] INFO - <Running module: Which chromosome characters>
[2022-03-30 17:20:13,441] INFO - <Module finished: Which chromosome characters>, elapsed 0.4287850856781006 seconds
[2022-03-30 17:20:13,441] INFO - <Running module: Which chromosome stats and clustering>
[2022-03-30 17:20:13,463] INFO - Got characters after which chromosome consideration: 222
[2022-03-30 17:20:13,463] INFO - Percentage of consistent rearrangements (unbalanced): 79.72972972972973 %
[2022-03-30 17:20:13,463] INFO - <Module finished: Which chromosome stats and clustering>, elapsed 0.022082805633544922 seconds
[2022-03-30 17:20:13,463] INFO - <Running module: Which chromosome output>
[2022-03-30 17:20:26,619] INFO - <Module finished: Which chromosome output>, elapsed 13.156272172927856 seconds
[2022-03-30 17:20:26,620] INFO - <Running module: Visualize neighbours output>
[2022-03-30 17:20:37,912] INFO - <Module finished: Visualize neighbours output>, elapsed 11.292454957962036 seconds
[2022-03-30 17:20:37,912] INFO - Total elapsed time: 37.25110626220703 seconds
