createdb 2-annotate_module/Proteins/BUMA.All.prt 3-pangenome/tmp_BUMA.All.prt_0.8-mode1/BUMA.All.prt-msDB 

MMseqs Version:       	15-6f452
Database type         	0
Shuffle input database	true
Createdb mode         	0
Write lookup file     	1
Offset of numeric ids 	0
Compressed            	0
Verbosity             	3

Converting sequences
[===============================================================
Time for merging to BUMA.All.prt-msDB_h: 0h 0m 0s 85ms
Time for merging to BUMA.All.prt-msDB: 0h 0m 0s 141ms
Database type: Aminoacid
Time for processing: 0h 0m 1s 447ms
cluster 3-pangenome/tmp_BUMA.All.prt_0.8-mode1/BUMA.All.prt-msDB 3-pangenome/tmp_BUMA.All.prt_0.8-mode1/BUMA.All.prt-clust-0.8-mode1 3-pangenome/tmp_BUMA.All.prt_0.8-mode1 --min-seq-id 0.8 --threads 1 --cluster-mode 1 

MMseqs Version:                     	15-6f452
Substitution matrix                 	aa:blosum62.out,nucl:nucleotide.out
Seed substitution matrix            	aa:VTML80.out,nucl:nucleotide.out
Sensitivity                         	4
k-mer length                        	0
Target search mode                  	0
k-score                             	seq:2147483647,prof:2147483647
Alphabet size                       	aa:21,nucl:5
Max sequence length                 	65535
Max results per query               	20
Split database                      	0
Split mode                          	2
Split memory limit                  	0
Coverage threshold                  	0.8
Coverage mode                       	0
Compositional bias                  	1
Compositional bias                  	1
Diagonal scoring                    	true
Exact k-mer matching                	0
Mask residues                       	1
Mask residues probability           	0.9
Mask lower case residues            	0
Minimum diagonal score              	15
Selected taxa                       	
Include identical seq. id.          	false
Spaced k-mers                       	1
Preload mode                        	0
Pseudo count a                      	substitution:1.100,context:1.400
Pseudo count b                      	substitution:4.100,context:5.800
Spaced k-mer pattern                	
Local temporary path                	
Threads                             	1
Compressed                          	0
Verbosity                           	3
Add backtrace                       	false
Alignment mode                      	3
Alignment mode                      	0
Allow wrapped scoring               	false
E-value threshold                   	0.001
Seq. id. threshold                  	0.8
Min alignment length                	0
Seq. id. mode                       	0
Alternative alignments              	0
Max reject                          	2147483647
Max accept                          	2147483647
Score bias                          	0
Realign hits                        	false
Realign score bias                  	-0.2
Realign max seqs                    	2147483647
Correlation score weight            	0
Gap open cost                       	aa:11,nucl:5
Gap extension cost                  	aa:1,nucl:2
Zdrop                               	40
Rescore mode                        	0
Remove hits by seq. id. and coverage	false
Sort results                        	0
Cluster mode                        	1
Max connected component depth       	1000
Similarity type                     	2
Weight file name                    	
Cluster Weight threshold            	0.9
Single step clustering              	false
Cascaded clustering steps           	3
Cluster reassign                    	false
Remove temporary files              	false
Force restart with latest tmp       	false
MPI runner                          	
k-mers per sequence                 	21
Scale k-mers per sequence           	aa:0.000,nucl:0.200
Adjust k-mer length                 	false
Shift hash                          	67
Include only extendable             	false
Skip repeating k-mers               	false

Set cluster sensitivity to -s 1.000000
Connected component clustering produces less clusters in a single step clustering.
Please use --single-step-clusteringSet cluster iterations to 1
linclust 3-pangenome/tmp_BUMA.All.prt_0.8-mode1/BUMA.All.prt-msDB 3-pangenome/tmp_BUMA.All.prt_0.8-mode1/3405119060011908302/clu_redundancy 3-pangenome/tmp_BUMA.All.prt_0.8-mode1/3405119060011908302/linclust --cluster-mode 1 --max-iterations 1000 --similarity-type 2 --threads 1 --compressed 0 -v 3 --cluster-weight-threshold 0.9 --sub-mat 'aa:blosum62.out,nucl:nucleotide.out' -a 0 --alignment-mode 3 --alignment-output-mode 0 --wrapped-scoring 0 -e 0.001 --min-seq-id 0.8 --min-aln-len 0 --seq-id-mode 0 --alt-ali 0 -c 0.8 --cov-mode 0 --max-seq-len 65535 --comp-bias-corr 0 --comp-bias-corr-scale 1 --max-rejected 2147483647 --max-accept 2147483647 --add-self-matches 0 --db-load-mode 0 --pca substitution:1.100,context:1.400 --pcb substitution:4.100,context:5.800 --score-bias 0 --realign 0 --realign-score-bias -0.2 --realign-max-seqs 2147483647 --corr-score-weight 0 --gap-open aa:11,nucl:5 --gap-extend aa:1,nucl:2 --zdrop 40 --alph-size aa:13,nucl:5 --kmer-per-seq 21 --spaced-kmer-mode 1 --kmer-per-seq-scale aa:0.000,nucl:0.200 --adjust-kmer-len 0 --mask 0 --mask-prob 0.9 --mask-lower-case 0 -k 0 --hash-shift 67 --split-memory-limit 0 --include-only-extendable 0 --ignore-multi-kmer 0 --rescore-mode 0 --filter-hits 0 --sort-results 0 --remove-tmp-files 0 --force-reuse 0 

kmermatcher 3-pangenome/tmp_BUMA.All.prt_0.8-mode1/BUMA.All.prt-msDB 3-pangenome/tmp_BUMA.All.prt_0.8-mode1/3405119060011908302/linclust/18298049173945512206/pref --sub-mat 'aa:blosum62.out,nucl:nucleotide.out' --alph-size aa:13,nucl:5 --min-seq-id 0.8 --kmer-per-seq 21 --spaced-kmer-mode 1 --kmer-per-seq-scale aa:0.000,nucl:0.200 --adjust-kmer-len 0 --mask 0 --mask-prob 0.9 --mask-lower-case 0 --cov-mode 0 -k 0 -c 0.8 --max-seq-len 65535 --hash-shift 67 --split-memory-limit 0 --include-only-extendable 0 --ignore-multi-kmer 0 --threads 1 --compressed 0 -v 3 --cluster-weight-threshold 0.9 

kmermatcher 3-pangenome/tmp_BUMA.All.prt_0.8-mode1/BUMA.All.prt-msDB 3-pangenome/tmp_BUMA.All.prt_0.8-mode1/3405119060011908302/linclust/18298049173945512206/pref --sub-mat 'aa:blosum62.out,nucl:nucleotide.out' --alph-size aa:13,nucl:5 --min-seq-id 0.8 --kmer-per-seq 21 --spaced-kmer-mode 1 --kmer-per-seq-scale aa:0.000,nucl:0.200 --adjust-kmer-len 0 --mask 0 --mask-prob 0.9 --mask-lower-case 0 --cov-mode 0 -k 0 -c 0.8 --max-seq-len 65535 --hash-shift 67 --split-memory-limit 0 --include-only-extendable 0 --ignore-multi-kmer 0 --threads 1 --compressed 0 -v 3 --cluster-weight-threshold 0.9 

Database size: 631563 type: Aminoacid
Reduced amino acid alphabet: (A S T) (C) (D B N) (E Q Z) (F Y) (G) (H) (I V) (K R) (L J M) (P) (W) (X) 

Generate k-mers list for 1 split
[=================================================================] 631.56K 4s 482ms
Sort kmer 0h 0m 2s 32ms
Sort by rep. sequence 0h 0m 0s 972ms
Time for fill: 0h 0m 0s 47ms
Time for merging to pref: 0h 0m 0s 0ms
Time for processing: 0h 0m 7s 717ms
rescorediagonal 3-pangenome/tmp_BUMA.All.prt_0.8-mode1/BUMA.All.prt-msDB 3-pangenome/tmp_BUMA.All.prt_0.8-mode1/BUMA.All.prt-msDB 3-pangenome/tmp_BUMA.All.prt_0.8-mode1/3405119060011908302/linclust/18298049173945512206/pref 3-pangenome/tmp_BUMA.All.prt_0.8-mode1/3405119060011908302/linclust/18298049173945512206/pref_rescore1 --sub-mat 'aa:blosum62.out,nucl:nucleotide.out' --rescore-mode 0 --wrapped-scoring 0 --filter-hits 0 -e 0.001 -c 0.8 -a 0 --cov-mode 0 --min-seq-id 0.8 --min-aln-len 0 --seq-id-mode 0 --add-self-matches 0 --sort-results 0 --db-load-mode 0 --threads 1 --compressed 0 -v 3 

[=================================================================] 631.56K 0s 776ms
Time for merging to pref_rescore1: 0h 0m 0s 94ms
Time for processing: 0h 0m 1s 8ms
clust 3-pangenome/tmp_BUMA.All.prt_0.8-mode1/BUMA.All.prt-msDB 3-pangenome/tmp_BUMA.All.prt_0.8-mode1/3405119060011908302/linclust/18298049173945512206/pref_rescore1 3-pangenome/tmp_BUMA.All.prt_0.8-mode1/3405119060011908302/linclust/18298049173945512206/pre_clust --cluster-mode 1 --max-iterations 1000 --similarity-type 2 --threads 1 --compressed 0 -v 3 --cluster-weight-threshold 0.9 

Clustering mode: Connected Component
[=================================================================] 631.56K 0s 639ms
Sort entries
Find missing connections
Found 993121 new connections.
Reconstruct initial order
[=================================================================] 631.56K 0s 761ms
Add missing connections
[=================================================================] 631.56K 0s 10ms

Time for read in: 0h 0m 1s 657ms
connected component mode
Total time: 0h 0m 1s 747ms

Size of the sequence database: 631563
Size of the alignment database: 631563
Number of clusters: 25426

Writing results 0h 0m 0s 10ms
Time for merging to pre_clust: 0h 0m 0s 0ms
Time for processing: 0h 0m 1s 857ms
createsubdb 3-pangenome/tmp_BUMA.All.prt_0.8-mode1/3405119060011908302/linclust/18298049173945512206/order_redundancy 3-pangenome/tmp_BUMA.All.prt_0.8-mode1/BUMA.All.prt-msDB 3-pangenome/tmp_BUMA.All.prt_0.8-mode1/3405119060011908302/linclust/18298049173945512206/input_step_redundancy -v 3 --subdb-mode 1 

Time for merging to input_step_redundancy: 0h 0m 0s 0ms
Time for processing: 0h 0m 0s 34ms
createsubdb 3-pangenome/tmp_BUMA.All.prt_0.8-mode1/3405119060011908302/linclust/18298049173945512206/order_redundancy 3-pangenome/tmp_BUMA.All.prt_0.8-mode1/3405119060011908302/linclust/18298049173945512206/pref 3-pangenome/tmp_BUMA.All.prt_0.8-mode1/3405119060011908302/linclust/18298049173945512206/pref_filter1 -v 3 --subdb-mode 1 

Time for merging to pref_filter1: 0h 0m 0s 0ms
Time for processing: 0h 0m 0s 45ms
filterdb 3-pangenome/tmp_BUMA.All.prt_0.8-mode1/3405119060011908302/linclust/18298049173945512206/pref_filter1 3-pangenome/tmp_BUMA.All.prt_0.8-mode1/3405119060011908302/linclust/18298049173945512206/pref_filter2 --filter-file 3-pangenome/tmp_BUMA.All.prt_0.8-mode1/3405119060011908302/linclust/18298049173945512206/order_redundancy --threads 1 --compressed 0 -v 3 

Filtering using file(s)
[=================================================================] 25.43K 0s 165ms
Time for merging to pref_filter2: 0h 0m 0s 3ms
Time for processing: 0h 0m 0s 179ms
rescorediagonal 3-pangenome/tmp_BUMA.All.prt_0.8-mode1/3405119060011908302/linclust/18298049173945512206/input_step_redundancy 3-pangenome/tmp_BUMA.All.prt_0.8-mode1/3405119060011908302/linclust/18298049173945512206/input_step_redundancy 3-pangenome/tmp_BUMA.All.prt_0.8-mode1/3405119060011908302/linclust/18298049173945512206/pref_filter2 3-pangenome/tmp_BUMA.All.prt_0.8-mode1/3405119060011908302/linclust/18298049173945512206/pref_rescore2 --sub-mat 'aa:blosum62.out,nucl:nucleotide.out' --rescore-mode 1 --wrapped-scoring 0 --filter-hits 1 -e 0.001 -c 0.8 -a 0 --cov-mode 0 --min-seq-id 0.8 --min-aln-len 0 --seq-id-mode 0 --add-self-matches 0 --sort-results 0 --db-load-mode 0 --threads 1 --compressed 0 -v 3 

[=================================================================] 25.43K 0s 41ms
Time for merging to pref_rescore2: 0h 0m 0s 3ms
Time for processing: 0h 0m 0s 63ms
align 3-pangenome/tmp_BUMA.All.prt_0.8-mode1/3405119060011908302/linclust/18298049173945512206/input_step_redundancy 3-pangenome/tmp_BUMA.All.prt_0.8-mode1/3405119060011908302/linclust/18298049173945512206/input_step_redundancy 3-pangenome/tmp_BUMA.All.prt_0.8-mode1/3405119060011908302/linclust/18298049173945512206/pref_rescore2 3-pangenome/tmp_BUMA.All.prt_0.8-mode1/3405119060011908302/linclust/18298049173945512206/aln --sub-mat 'aa:blosum62.out,nucl:nucleotide.out' -a 0 --alignment-mode 3 --alignment-output-mode 0 --wrapped-scoring 0 -e 0.001 --min-seq-id 0.8 --min-aln-len 0 --seq-id-mode 0 --alt-ali 0 -c 0.8 --cov-mode 0 --max-seq-len 65535 --comp-bias-corr 0 --comp-bias-corr-scale 1 --max-rejected 2147483647 --max-accept 2147483647 --add-self-matches 0 --db-load-mode 0 --pca substitution:1.100,context:1.400 --pcb substitution:4.100,context:5.800 --score-bias 0 --realign 0 --realign-score-bias -0.2 --realign-max-seqs 2147483647 --corr-score-weight 0 --gap-open aa:11,nucl:5 --gap-extend aa:1,nucl:2 --zdrop 40 --threads 1 --compressed 0 -v 3 

Compute score, coverage and sequence identity
Query database size: 25426 type: Aminoacid
Target database size: 25426 type: Aminoacid
Calculation of alignments
[=================================================================] 25.43K 1m 3s 838ms
Time for merging to aln: 0h 0m 0s 3ms
36400 alignments calculated
33700 sequence pairs passed the thresholds (0.925824 of overall calculated)
1.325415 hits per query sequence
Time for processing: 0h 1m 3s 859ms
clust 3-pangenome/tmp_BUMA.All.prt_0.8-mode1/3405119060011908302/linclust/18298049173945512206/input_step_redundancy 3-pangenome/tmp_BUMA.All.prt_0.8-mode1/3405119060011908302/linclust/18298049173945512206/aln 3-pangenome/tmp_BUMA.All.prt_0.8-mode1/3405119060011908302/linclust/18298049173945512206/clust --cluster-mode 1 --max-iterations 1000 --similarity-type 2 --threads 1 --compressed 0 -v 3 --cluster-weight-threshold 0.9 

Clustering mode: Connected Component
[=================================================================] 25.43K 0s 5ms
Sort entries
Find missing connections
Found 8274 new connections.
Reconstruct initial order
[=================================================================] 25.43K 0s 7ms
Add missing connections
[=================================================================] 25.43K 0s 0ms

Time for read in: 0h 0m 0s 16ms
connected component mode
Total time: 0h 0m 0s 21ms

Size of the sequence database: 25426
Size of the alignment database: 25426
Number of clusters: 19341

Writing results 0h 0m 0s 2ms
Time for merging to clust: 0h 0m 0s 0ms
Time for processing: 0h 0m 0s 31ms
mergeclusters 3-pangenome/tmp_BUMA.All.prt_0.8-mode1/BUMA.All.prt-msDB 3-pangenome/tmp_BUMA.All.prt_0.8-mode1/3405119060011908302/clu_redundancy 3-pangenome/tmp_BUMA.All.prt_0.8-mode1/3405119060011908302/linclust/18298049173945512206/pre_clust 3-pangenome/tmp_BUMA.All.prt_0.8-mode1/3405119060011908302/linclust/18298049173945512206/clust --threads 1 --compressed 0 -v 3 

Clustering step 1
[=================================================================] 25.43K 0s 135ms
Clustering step 2
[=================================================================] 19.34K 0s 142ms
Write merged clustering
[=================================================================] 631.56K 0s 171ms
Time for merging to clu_redundancy: 0h 0m 0s 1ms
Time for processing: 0h 0m 0s 227ms
createsubdb 3-pangenome/tmp_BUMA.All.prt_0.8-mode1/3405119060011908302/clu_redundancy 3-pangenome/tmp_BUMA.All.prt_0.8-mode1/BUMA.All.prt-msDB 3-pangenome/tmp_BUMA.All.prt_0.8-mode1/3405119060011908302/input_step_redundancy -v 3 --subdb-mode 1 

Time for merging to input_step_redundancy: 0h 0m 0s 0ms
Time for processing: 0h 0m 0s 32ms
prefilter 3-pangenome/tmp_BUMA.All.prt_0.8-mode1/3405119060011908302/input_step_redundancy 3-pangenome/tmp_BUMA.All.prt_0.8-mode1/3405119060011908302/input_step_redundancy 3-pangenome/tmp_BUMA.All.prt_0.8-mode1/3405119060011908302/pref_step0 --sub-mat 'aa:blosum62.out,nucl:nucleotide.out' --seed-sub-mat 'aa:VTML80.out,nucl:nucleotide.out' -s 1 -k 0 --target-search-mode 0 --k-score seq:2147483647,prof:2147483647 --alph-size aa:21,nucl:5 --max-seq-len 65535 --max-seqs 20 --split 0 --split-mode 2 --split-memory-limit 0 -c 0.8 --cov-mode 0 --comp-bias-corr 0 --comp-bias-corr-scale 1 --diag-score 0 --exact-kmer-matching 0 --mask 1 --mask-prob 0.9 --mask-lower-case 0 --min-ungapped-score 0 --add-self-matches 0 --spaced-kmer-mode 1 --db-load-mode 0 --pca substitution:1.100,context:1.400 --pcb substitution:4.100,context:5.800 --threads 1 --compressed 0 -v 3 

Query database size: 19341 type: Aminoacid
Estimated memory consumption: 1G
Target database size: 19341 type: Aminoacid
Index table k-mer threshold: 154 at k-mer size 6 
Index table: counting k-mers
[=================================================================] 19.34K 0s 910ms
Index table: Masked residues: 306420
Index table: fill
[=================================================================] 19.34K 0s 456ms
Index statistics
Entries:          2776427
DB size:          504 MB
Avg k-mer size:   0.043382
Top 10 k-mers
    YTGTPK	227
    GRDQIR	188
    AGSFGG	164
    RGREEI	164
    CAGVNI	164
    GYEHGT	157
    LTEFDP	150
    AYPDYP	140
    MDQRLQ	136
    DPVGLY	128
Time for index table init: 0h 0m 1s 749ms
Process prefiltering step 1 of 1

k-mer similarity threshold: 154
Starting prefiltering scores calculation (step 1 of 1)
Query db start 1 to 19341
Target db start 1 to 19341
[=================================================================] 19.34K 1s 552ms

1.793153 k-mers per position
1728 DB matches per sequence
0 overflows
4 sequences passed prefiltering per query sequence
2 median result list length
0 sequences with 0 size result lists
Time for merging to pref_step0: 0h 0m 0s 2ms
Time for processing: 0h 0m 4s 993ms
align 3-pangenome/tmp_BUMA.All.prt_0.8-mode1/3405119060011908302/input_step_redundancy 3-pangenome/tmp_BUMA.All.prt_0.8-mode1/3405119060011908302/input_step_redundancy 3-pangenome/tmp_BUMA.All.prt_0.8-mode1/3405119060011908302/pref_step0 3-pangenome/tmp_BUMA.All.prt_0.8-mode1/3405119060011908302/aln_step0 --sub-mat 'aa:blosum62.out,nucl:nucleotide.out' -a 0 --alignment-mode 3 --alignment-output-mode 0 --wrapped-scoring 0 -e 0.001 --min-seq-id 0.8 --min-aln-len 0 --seq-id-mode 0 --alt-ali 0 -c 0.8 --cov-mode 0 --max-seq-len 65535 --comp-bias-corr 0 --comp-bias-corr-scale 1 --max-rejected 2147483647 --max-accept 2147483647 --add-self-matches 0 --db-load-mode 0 --pca substitution:1.100,context:1.400 --pcb substitution:4.100,context:5.800 --score-bias 0 --realign 0 --realign-score-bias -0.2 --realign-max-seqs 2147483647 --corr-score-weight 0 --gap-open aa:11,nucl:5 --gap-extend aa:1,nucl:2 --zdrop 40 --threads 1 --compressed 0 -v 3 

Compute score, coverage and sequence identity
Query database size: 19341 type: Aminoacid
Target database size: 19341 type: Aminoacid
Calculation of alignments
[=================================================================] 19.34K 5m 56s 840ms
Time for merging to aln_step0: 0h 0m 0s 2ms
53126 alignments calculated
36088 sequence pairs passed the thresholds (0.679291 of overall calculated)
1.865881 hits per query sequence
Time for processing: 0h 5m 56s 866ms
clust 3-pangenome/tmp_BUMA.All.prt_0.8-mode1/3405119060011908302/input_step_redundancy 3-pangenome/tmp_BUMA.All.prt_0.8-mode1/3405119060011908302/aln_step0 3-pangenome/tmp_BUMA.All.prt_0.8-mode1/3405119060011908302/clu_step0 --cluster-mode 1 --max-iterations 1000 --similarity-type 2 --threads 1 --compressed 0 -v 3 --cluster-weight-threshold 0.9 

Clustering mode: Connected Component
[=================================================================] 19.34K 0s 4ms
Sort entries
Find missing connections
Found 3693 new connections.
Reconstruct initial order
[=================================================================] 19.34K 0s 6ms
Add missing connections
[=================================================================] 19.34K 0s 0ms

Time for read in: 0h 0m 0s 14ms
connected component mode
Total time: 0h 0m 0s 19ms

Size of the sequence database: 19341
Size of the alignment database: 19341
Number of clusters: 17612

Writing results 0h 0m 0s 1ms
Time for merging to clu_step0: 0h 0m 0s 0ms
Time for processing: 0h 0m 0s 25ms
mergeclusters 3-pangenome/tmp_BUMA.All.prt_0.8-mode1/BUMA.All.prt-msDB 3-pangenome/tmp_BUMA.All.prt_0.8-mode1/BUMA.All.prt-clust-0.8-mode1 3-pangenome/tmp_BUMA.All.prt_0.8-mode1/3405119060011908302/clu_redundancy 3-pangenome/tmp_BUMA.All.prt_0.8-mode1/3405119060011908302/clu_step0 --threads 1 --compressed 0 -v 3 

Clustering step 1
[=================================================================] 19.34K 0s 105ms
Clustering step 2
[=================================================================] 17.61K 0s 109ms
Write merged clustering
[=================================================================] 631.56K 0s 133ms
Time for merging to BUMA.All.prt-clust-0.8-mode1: 0h 0m 0s 2ms
Time for processing: 0h 0m 0s 188ms
createtsv 3-pangenome/tmp_BUMA.All.prt_0.8-mode1/BUMA.All.prt-msDB 3-pangenome/tmp_BUMA.All.prt_0.8-mode1/BUMA.All.prt-msDB 3-pangenome/tmp_BUMA.All.prt_0.8-mode1/BUMA.All.prt-clust-0.8-mode1 3-pangenome/tmp_BUMA.All.prt_0.8-mode1/BUMA.All.prt-clust-0.8-mode1.tsv 

MMseqs Version:                 	15-6f452
First sequence as representative	false
Target column                   	1
Add full header                 	false
Sequence source                 	0
Database output                 	false
Threads                         	8
Compressed                      	0
Verbosity                       	3

Time for merging to BUMA.All.prt-clust-0.8-mode1.tsv: 0h 0m 0s 15ms
Time for processing: 0h 0m 0s 269ms
End: 2024-04-27_17-29-19